<?xml version="1.0" encoding="utf-8"?><testsuites name="pytest tests"><testsuite name="pytest" errors="0" failures="0" skipped="0" tests="22" time="10.734" timestamp="2026-08-31T01:58:05.678075+00:00" hostname="agent-env-ae38d64a-1939-4002-b13e-288888c6c689"><testcase classname="tests.test_uploads_maps_chat.TestFileUploadAPI" name="test_upload_requires_auth" time="0.319" /><testcase classname="tests.test_uploads_maps_chat.TestFileUploadAPI" name="test_upload_png_returns_path" time="1.445" /><testcase classname="tests.test_uploads_maps_chat.TestFileUploadAPI" name="test_upload_rejects_bad_extension" time="0.099" /><testcase classname="tests.test_uploads_maps_chat.TestFileUploadAPI" name="test_upload_rejects_oversize" time="0.668" /><testcase classname="tests.test_uploads_maps_chat.TestFileUploadAPI" name="test_serve_file_without_auth_401" time="0.106" /><testcase classname="tests.test_uploads_maps_chat.TestFileUploadAPI" name="test_serve_file_with_invalid_token_401" time="0.181" /><testcase classname="tests.test_uploads_maps_chat.TestFileUploadAPI" name="test_serve_file_with_query_token" time="0.255" /><testcase classname="tests.test_uploads_maps_chat.TestFileUploadAPI" name="test_serve_file_with_bearer_header" time="0.273" /><testcase classname="tests.test_uploads_maps_chat.TestFileUploadAPI" name="test_serve_unknown_path_404" time="0.123" /><testcase classname="tests.test_uploads_maps_chat.TestFileUploadAPI" name="test_add_document_with_file_url" time="0.428" /><testcase classname="tests.test_uploads_maps_chat.TestFileUploadAPI" name="test_document_file_url_persisted_in_profile" time="0.147" /><testcase classname="tests.test_uploads_maps_chat.TestFileUploadAPI" name="test_admin_sees_document_file_url" time="0.121" /><testcase classname="tests.test_uploads_maps_chat.TestFileUploadAPI" name="test_admin_can_fetch_document_image" time="0.235" /><testcase classname="tests.test_uploads_maps_chat.TestFileUploadAPI" name="test_admin_verifies_document_then_nakes" time="0.353" /><testcase classname="tests.test_uploads_maps_chat.TestFileUploadAPI" name="test_nakes_setup_and_search_exposes_lat_lng" time="0.583" /><testcase classname="tests.test_uploads_maps_chat.TestFileUploadAPI" name="test_create_order_and_accept" time="0.280" /><testcase classname="tests.test_uploads_maps_chat.TestFileUploadAPI" name="test_submit_record_with_photo" time="0.350" /><testcase classname="tests.test_uploads_maps_chat.TestFileUploadAPI" name="test_patient_reads_record_attachment" time="0.382" /><testcase classname="tests.test_uploads_maps_chat.TestFileUploadAPI" name="test_other_patient_cannot_read_record" time="0.480" /><testcase classname="tests.test_uploads_maps_chat.TestFileUploadAPI" name="test_patient_and_nakes_exchange" time="0.235" /><testcase classname="tests.test_uploads_maps_chat.TestFileUploadAPI" name="test_poll_returns_new_messages_ordered" time="3.013" /><testcase classname="tests.test_uploads_maps_chat.TestFileUploadAPI" name="test_outsider_patient_cannot_read_chat" time="0.605" /></testsuite></testsuites>