<?xml version="1.0" encoding="utf-8"?><testsuites name="pytest tests"><testsuite name="pytest" errors="0" failures="1" skipped="0" tests="18" time="8.724" timestamp="2026-08-31T02:23:53.034021+00:00" hostname="agent-env-ae38d64a-1939-4002-b13e-288888c6c689"><testcase classname="tests.test_banners_pdf_qris.TestQrisStatic" name="test_qris_static_image_served" time="0.232" /><testcase classname="tests.test_banners_pdf_qris.TestBannerCRUD" name="test_upload_banner_image" time="0.633" /><testcase classname="tests.test_banners_pdf_qris.TestBannerCRUD" name="test_create_banner_and_persist" time="0.259" /><testcase classname="tests.test_banners_pdf_qris.TestBannerCRUD" name="test_create_nakes_target_and_inactive_banners" time="0.389" /><testcase classname="tests.test_banners_pdf_qris.TestBannerCRUD" name="test_patient_sees_only_active_all_or_patient" time="0.439" /><testcase classname="tests.test_banners_pdf_qris.TestBannerCRUD" name="test_nakes_sees_only_active_all_or_nakes" time="0.446" /><testcase classname="tests.test_banners_pdf_qris.TestBannerCRUD" name="test_banners_requires_auth" time="0.130" /><testcase classname="tests.test_banners_pdf_qris.TestBannerCRUD" name="test_non_admin_cannot_manage_banners" time="0.361" /><testcase classname="tests.test_banners_pdf_qris.TestBannerCRUD" name="test_update_banner_toggle_and_persist" time="0.696" /><testcase classname="tests.test_banners_pdf_qris.TestBannerCRUD" name="test_update_unknown_banner" time="0.110"><failure message="AssertionError: expected 404 for unknown banner, got 200: null&#10;assert 200 == 404&#10; +  where 200 = &lt;Response [200]&gt;.status_code">self = &lt;test_banners_pdf_qris.TestBannerCRUD object at 0xfaddb4763d10&gt;
admin_token = 'eyJhbGciOiJIUzI1NiIsInR5cCI6IkpXVCJ9.eyJzdWIiOiJ1c2VyXzM1OGU4NGY2MjNkYjQxOTYiLCJyb2xlIjoiYWRtaW4iLCJleHAiOjE3ODg3NDc4MzN9.jmE3k_wEHX6XFuutIQtQqDQXPo2ApD3L0aaD-jXJ0D4'

    def test_update_unknown_banner(self, admin_token):
        r = requests.put(f"{API}/admin/banners/ban_does_not_exist", headers=hdr(admin_token), json={
            "judul": "TEST_x", "gambar_url": "x.png"}, timeout=30)
&gt;       assert r.status_code == 404, f"expected 404 for unknown banner, got {r.status_code}: {r.text[:200]}"
E       AssertionError: expected 404 for unknown banner, got 200: null
E       assert 200 == 404
E        +  where 200 = &lt;Response [200]&gt;.status_code

tests/test_banners_pdf_qris.py:172: AssertionError</failure></testcase><testcase classname="tests.test_banners_pdf_qris.TestBannerCRUD" name="test_delete_banner_and_verify_removal" time="0.220" /><testcase classname="tests.test_banners_pdf_qris.TestBannerCRUD" name="test_zz_cleanup" time="0.530" /><testcase classname="tests.test_banners_pdf_qris.TestRecordPdf" name="test_pdf_with_photo" time="0.690" /><testcase classname="tests.test_banners_pdf_qris.TestRecordPdf" name="test_pdf_via_query_auth" time="0.721" /><testcase classname="tests.test_banners_pdf_qris.TestRecordPdf" name="test_pdf_no_token" time="0.496" /><testcase classname="tests.test_banners_pdf_qris.TestRecordPdf" name="test_pdf_cross_patient_forbidden" time="1.110" /><testcase classname="tests.test_banners_pdf_qris.TestRecordPdf" name="test_pdf_unknown_order" time="0.109" /><testcase classname="tests.test_banners_pdf_qris.TestBrokenPhoto" name="test_pdf_skips_corrupt_image" time="1.047" /></testsuite></testsuites>