<?xml version="1.0" encoding="utf-8"?><testsuites name="pytest tests"><testsuite name="pytest" errors="0" failures="0" skipped="0" tests="57" time="10.369" timestamp="2026-08-31T01:58:20.537359+00:00" hostname="agent-env-ae38d64a-1939-4002-b13e-288888c6c689"><testcase classname="tests.backend_test.TestHealth" name="test_root" time="0.104" /><testcase classname="tests.backend_test.TestHealth" name="test_services_seeded" time="0.101" /><testcase classname="tests.backend_test.TestAuth" name="test_admin_login" time="0.344" /><testcase classname="tests.backend_test.TestAuth" name="test_login_wrong_password" time="0.370" /><testcase classname="tests.backend_test.TestAuth" name="test_register_patient" time="0.328" /><testcase classname="tests.backend_test.TestAuth" name="test_register_duplicate_email" time="0.108" /><testcase classname="tests.backend_test.TestAuth" name="test_register_invalid_role" time="0.131" /><testcase classname="tests.backend_test.TestAuth" name="test_register_invalid_email_422" time="0.143" /><testcase classname="tests.backend_test.TestAuth" name="test_register_nakes" time="0.341" /><testcase classname="tests.backend_test.TestAuth" name="test_me_requires_auth" time="0.100" /><testcase classname="tests.backend_test.TestAuth" name="test_me_invalid_token" time="0.135" /><testcase classname="tests.backend_test.TestAuth" name="test_me_patient" time="0.106" /><testcase classname="tests.backend_test.TestRBAC" name="test_patient_cannot_access_admin_stats" time="0.159" /><testcase classname="tests.backend_test.TestRBAC" name="test_nakes_cannot_search_providers" time="0.152" /><testcase classname="tests.backend_test.TestRBAC" name="test_patient_cannot_toggle_nakes_status" time="0.155" /><testcase classname="tests.backend_test.TestNakesSetup" name="test_update_profile" time="0.304" /><testcase classname="tests.backend_test.TestNakesSetup" name="test_toggle_online" time="0.280" /><testcase classname="tests.backend_test.TestNakesSetup" name="test_add_service" time="0.279" /><testcase classname="tests.backend_test.TestNakesSetup" name="test_add_service_invalid_id" time="0.099" /><testcase classname="tests.backend_test.TestNakesSetup" name="test_add_document" time="0.130" /><testcase classname="tests.backend_test.TestNakesSetup" name="test_search_excludes_unverified" time="0.192" /><testcase classname="tests.backend_test.TestAdminVerify" name="test_admin_lists_nakes" time="0.129" /><testcase classname="tests.backend_test.TestAdminVerify" name="test_verify_document" time="0.155" /><testcase classname="tests.backend_test.TestAdminVerify" name="test_verify_nakes" time="0.252" /><testcase classname="tests.backend_test.TestAdminVerify" name="test_nakes_notified_of_verification" time="0.108" /><testcase classname="tests.backend_test.TestBookingFlow" name="test_search_finds_verified_online_nakes" time="0.149" /><testcase classname="tests.backend_test.TestBookingFlow" name="test_search_min_rating_filter" time="0.107" /><testcase classname="tests.backend_test.TestBookingFlow" name="test_search_max_distance_filter" time="0.104" /><testcase classname="tests.backend_test.TestBookingFlow" name="test_provider_detail" time="0.098" /><testcase classname="tests.backend_test.TestBookingFlow" name="test_provider_detail_404" time="0.111" /><testcase classname="tests.backend_test.TestBookingFlow" name="test_create_order" time="0.127" /><testcase classname="tests.backend_test.TestBookingFlow" name="test_create_order_service_not_offered" time="0.103" /><testcase classname="tests.backend_test.TestBookingFlow" name="test_order_visible_to_both" time="0.236" /><testcase classname="tests.backend_test.TestBookingFlow" name="test_nakes_notified_new_order" time="0.101" /><testcase classname="tests.backend_test.TestBookingFlow" name="test_mark_notification_read" time="0.247" /><testcase classname="tests.backend_test.TestBookingFlow" name="test_accept_order" time="0.339" /><testcase classname="tests.backend_test.TestBookingFlow" name="test_respond_order_404" time="0.120" /><testcase classname="tests.backend_test.TestChat" name="test_patient_sends_message" time="0.099" /><testcase classname="tests.backend_test.TestChat" name="test_nakes_replies_and_thread_ordered" time="0.207" /><testcase classname="tests.backend_test.TestMedicalRecord" name="test_record_not_yet_available" time="0.115" /><testcase classname="tests.backend_test.TestMedicalRecord" name="test_create_record_completes_order" time="0.236" /><testcase classname="tests.backend_test.TestMedicalRecord" name="test_duplicate_record_rejected" time="0.099" /><testcase classname="tests.backend_test.TestMedicalRecord" name="test_patient_can_read_record" time="0.225" /><testcase classname="tests.backend_test.TestPaymentReviewIncome" name="test_create_qris_payment" time="0.105" /><testcase classname="tests.backend_test.TestPaymentReviewIncome" name="test_duplicate_payment_rejected" time="0.144" /><testcase classname="tests.backend_test.TestPaymentReviewIncome" name="test_admin_sees_transaction" time="0.127" /><testcase classname="tests.backend_test.TestPaymentReviewIncome" name="test_nakes_income_zero_before_verify" time="0.129" /><testcase classname="tests.backend_test.TestPaymentReviewIncome" name="test_admin_verify_payment" time="0.489" /><testcase classname="tests.backend_test.TestPaymentReviewIncome" name="test_verify_payment_idempotent_no_double_transaction" time="0.386" /><testcase classname="tests.backend_test.TestPaymentReviewIncome" name="test_verify_payment_404" time="0.119" /><testcase classname="tests.backend_test.TestPaymentReviewIncome" name="test_nakes_income_after_verify" time="0.161" /><testcase classname="tests.backend_test.TestPaymentReviewIncome" name="test_add_review_updates_rating" time="0.400" /><testcase classname="tests.backend_test.TestPaymentReviewIncome" name="test_duplicate_review_rejected" time="0.130" /><testcase classname="tests.backend_test.TestPaymentReviewIncome" name="test_patient_payment_notification" time="0.103" /><testcase classname="tests.backend_test.TestAdminMisc" name="test_stats_shape" time="0.120" /><testcase classname="tests.backend_test.TestAdminMisc" name="test_admin_patients" time="0.128" /><testcase classname="tests.backend_test.TestAdminMisc" name="test_admin_create_service" time="0.229" /></testsuite></testsuites>