<?xml version="1.0" encoding="utf-8"?><testsuites name="pytest tests"><testsuite name="pytest" errors="0" failures="36" skipped="0" tests="86" time="13.464" timestamp="2026-08-31T01:51:52.702516+00:00" hostname="agent-env-ae38d64a-1939-4002-b13e-288888c6c689"><testcase classname="tests.backend_test.TestBookingFlow" name="test_search_finds_verified_online_nakes" time="0.000"><failure message="KeyError: 'pat_token'">self = &lt;backend_test.TestBookingFlow object at 0xfbbdb9a9b190&gt;, state = {}

    def test_search_finds_verified_online_nakes(self, state):
&gt;       r = client(state["pat_token"]).get(f"{API}/providers/search", params={
                   ^^^^^^^^^^^^^^^^^^
            "service_id": state["service"]["id"], "lat": -6.2088, "lng": 106.8456})
E       KeyError: 'pat_token'

tests/backend_test.py:237: KeyError</failure></testcase><testcase classname="tests.test_uploads_maps_chat.TestFileUploadAPI" name="test_upload_requires_auth" time="0.192" /><testcase classname="tests.backend_test.TestBookingFlow" name="test_search_min_rating_filter" time="0.001"><failure message="KeyError: 'pat_token'">self = &lt;backend_test.TestBookingFlow object at 0xfbbdb9a9b4d0&gt;, state = {}

    def test_search_min_rating_filter(self, state):
&gt;       r = client(state["pat_token"]).get(f"{API}/providers/search", params={
                   ^^^^^^^^^^^^^^^^^^
            "service_id": state["service"]["id"], "lat": -6.2088, "lng": 106.8456, "min_rating": 4.5})
E       KeyError: 'pat_token'

tests/backend_test.py:248: KeyError</failure></testcase><testcase classname="tests.backend_test.TestBookingFlow" name="test_search_max_distance_filter" time="0.000"><failure message="KeyError: 'pat_token'">self = &lt;backend_test.TestBookingFlow object at 0xfbbdb9a9b810&gt;, state = {}

    def test_search_max_distance_filter(self, state):
&gt;       r = client(state["pat_token"]).get(f"{API}/providers/search", params={
                   ^^^^^^^^^^^^^^^^^^
            "service_id": state["service"]["id"], "lat": -8.0, "lng": 110.0, "max_distance": 5})
E       KeyError: 'pat_token'

tests/backend_test.py:254: KeyError</failure></testcase><testcase classname="tests.backend_test.TestBookingFlow" name="test_provider_detail" time="0.000"><failure message="KeyError: 'pat_token'">self = &lt;backend_test.TestBookingFlow object at 0xfbbdb9a9bb90&gt;, state = {}

    def test_provider_detail(self, state):
&gt;       r = client(state["pat_token"]).get(f"{API}/providers/{state['nakes_id']}")
                   ^^^^^^^^^^^^^^^^^^
E       KeyError: 'pat_token'

tests/backend_test.py:260: KeyError</failure></testcase><testcase classname="tests.backend_test.TestBookingFlow" name="test_provider_detail_404" time="0.000"><failure message="KeyError: 'pat_token'">self = &lt;backend_test.TestBookingFlow object at 0xfbbdb9a9bf10&gt;, state = {}

    def test_provider_detail_404(self, state):
&gt;       r = client(state["pat_token"]).get(f"{API}/providers/nak_missing")
                   ^^^^^^^^^^^^^^^^^^
E       KeyError: 'pat_token'

tests/backend_test.py:268: KeyError</failure></testcase><testcase classname="tests.backend_test.TestBookingFlow" name="test_create_order" time="0.000"><failure message="KeyError: 'pat_token'">self = &lt;backend_test.TestBookingFlow object at 0xfbbdb9aa0510&gt;, state = {}

    def test_create_order(self, state):
&gt;       r = client(state["pat_token"]).post(f"{API}/orders", json={
                   ^^^^^^^^^^^^^^^^^^
            "nakes_id": state["nakes_id"], "service_id": state["service"]["id"],
            "jadwal_kunjungan": "2026-08-01T10:00:00", "catatan_pasien": "TEST catatan",
            "alamat": "Jl. Test No 1", "latitude": -6.2088, "longitude": 106.8456})
E       KeyError: 'pat_token'

tests/backend_test.py:272: KeyError</failure></testcase><testcase classname="tests.backend_test.TestBookingFlow" name="test_create_order_service_not_offered" time="0.000"><failure message="KeyError: 'pat_token'">self = &lt;backend_test.TestBookingFlow object at 0xfbbdb9aa0ad0&gt;, state = {}

    def test_create_order_service_not_offered(self, state):
&gt;       r = client(state["pat_token"]).post(f"{API}/orders", json={
                   ^^^^^^^^^^^^^^^^^^
            "nakes_id": state["nakes_id"], "service_id": "svc_nope",
            "jadwal_kunjungan": "2026-08-01T10:00:00", "alamat": "x",
            "latitude": -6.2, "longitude": 106.8})
E       KeyError: 'pat_token'

tests/backend_test.py:286: KeyError</failure></testcase><testcase classname="tests.backend_test.TestBookingFlow" name="test_order_visible_to_both" time="0.000"><failure message="KeyError: 'pat_token'">self = &lt;backend_test.TestBookingFlow object at 0xfbbdb9aa1090&gt;, state = {}

    def test_order_visible_to_both(self, state):
&gt;       po = client(state["pat_token"]).get(f"{API}/orders").json()
                    ^^^^^^^^^^^^^^^^^^
E       KeyError: 'pat_token'

tests/backend_test.py:293: KeyError</failure></testcase><testcase classname="tests.backend_test.TestBookingFlow" name="test_nakes_notified_new_order" time="0.000"><failure message="KeyError: 'nak_token'">self = &lt;backend_test.TestBookingFlow object at 0xfbbdb9aa1650&gt;, state = {}

    def test_nakes_notified_new_order(self, state):
&gt;       notifs = client(state["nak_token"]).get(f"{API}/notifications").json()
                        ^^^^^^^^^^^^^^^^^^
E       KeyError: 'nak_token'

tests/backend_test.py:300: KeyError</failure></testcase><testcase classname="tests.backend_test.TestBookingFlow" name="test_mark_notification_read" time="0.000"><failure message="KeyError: 'nak_token'">self = &lt;backend_test.TestBookingFlow object at 0xfbbdb9aa1bd0&gt;, state = {}

    def test_mark_notification_read(self, state):
&gt;       r = client(state["nak_token"]).put(f"{API}/notifications/{state['notif_id']}/read")
                   ^^^^^^^^^^^^^^^^^^
E       KeyError: 'nak_token'

tests/backend_test.py:305: KeyError</failure></testcase><testcase classname="tests.backend_test.TestBookingFlow" name="test_accept_order" time="0.000"><failure message="KeyError: 'nak_token'">self = &lt;backend_test.TestBookingFlow object at 0xfbbdb9aa2290&gt;, state = {}

    def test_accept_order(self, state):
&gt;       r = client(state["nak_token"]).put(
                   ^^^^^^^^^^^^^^^^^^
            f"{API}/orders/{state['order_id']}/respond", json={"action": "accept"})
E       KeyError: 'nak_token'

tests/backend_test.py:311: KeyError</failure></testcase><testcase classname="tests.backend_test.TestBookingFlow" name="test_respond_order_404" time="0.000"><failure message="KeyError: 'nak_token'">self = &lt;backend_test.TestBookingFlow object at 0xfbbdb9aa2950&gt;, state = {}

    def test_respond_order_404(self, state):
&gt;       r = client(state["nak_token"]).put(f"{API}/orders/ord_missing/respond", json={"action": "accept"})
                   ^^^^^^^^^^^^^^^^^^
E       KeyError: 'nak_token'

tests/backend_test.py:319: KeyError</failure></testcase><testcase classname="tests.backend_test.TestPaymentReviewIncome" name="test_create_qris_payment" time="0.000"><failure message="KeyError: 'pat_token'">self = &lt;backend_test.TestPaymentReviewIncome object at 0xfbbdb9aac310&gt;
state = {}

    def test_create_qris_payment(self, state):
&gt;       r = client(state["pat_token"]).post(f"{API}/orders/{state['order_id']}/payment",
                   ^^^^^^^^^^^^^^^^^^
                                            json={"metode_pembayaran": "qris"})
E       KeyError: 'pat_token'

tests/backend_test.py:377: KeyError</failure></testcase><testcase classname="tests.backend_test.TestPaymentReviewIncome" name="test_duplicate_payment_rejected" time="0.000"><failure message="KeyError: 'pat_token'">self = &lt;backend_test.TestPaymentReviewIncome object at 0xfbbdb9aac650&gt;
state = {}

    def test_duplicate_payment_rejected(self, state):
&gt;       r = client(state["pat_token"]).post(f"{API}/orders/{state['order_id']}/payment",
                   ^^^^^^^^^^^^^^^^^^
                                            json={"metode_pembayaran": "cash"})
E       KeyError: 'pat_token'

tests/backend_test.py:386: KeyError</failure></testcase><testcase classname="tests.backend_test.TestPaymentReviewIncome" name="test_admin_sees_transaction" time="0.000"><failure message="KeyError: 'admin_token'">self = &lt;backend_test.TestPaymentReviewIncome object at 0xfbbdb9aac990&gt;
state = {}

    def test_admin_sees_transaction(self, state):
&gt;       txs = client(state["admin_token"]).get(f"{API}/admin/transactions").json()
                     ^^^^^^^^^^^^^^^^^^^^
E       KeyError: 'admin_token'

tests/backend_test.py:391: KeyError</failure></testcase><testcase classname="tests.backend_test.TestPaymentReviewIncome" name="test_nakes_income_zero_before_verify" time="0.000"><failure message="KeyError: 'nak_token'">self = &lt;backend_test.TestPaymentReviewIncome object at 0xfbbdb9aacd50&gt;
state = {}

    def test_nakes_income_zero_before_verify(self, state):
&gt;       r = client(state["nak_token"]).get(f"{API}/nakes/income")
                   ^^^^^^^^^^^^^^^^^^
E       KeyError: 'nak_token'

tests/backend_test.py:396: KeyError</failure></testcase><testcase classname="tests.backend_test.TestPaymentReviewIncome" name="test_admin_verify_payment" time="0.000"><failure message="KeyError: 'admin_token'">self = &lt;backend_test.TestPaymentReviewIncome object at 0xfbbdb9aad310&gt;
state = {}

    def test_admin_verify_payment(self, state):
&gt;       stats_before = client(state["admin_token"]).get(f"{API}/admin/stats").json()
                              ^^^^^^^^^^^^^^^^^^^^
E       KeyError: 'admin_token'

tests/backend_test.py:401: KeyError</failure></testcase><testcase classname="tests.backend_test.TestPaymentReviewIncome" name="test_verify_payment_idempotent_no_double_transaction" time="0.000"><failure message="KeyError: 'nak_token'">self = &lt;backend_test.TestPaymentReviewIncome object at 0xfbbdb9aad8d0&gt;
state = {}

    def test_verify_payment_idempotent_no_double_transaction(self, state):
&gt;       before = client(state["nak_token"]).get(f"{API}/nakes/income").json()
                        ^^^^^^^^^^^^^^^^^^
E       KeyError: 'nak_token'

tests/backend_test.py:411: KeyError</failure></testcase><testcase classname="tests.backend_test.TestPaymentReviewIncome" name="test_verify_payment_404" time="0.000"><failure message="KeyError: 'admin_token'">self = &lt;backend_test.TestPaymentReviewIncome object at 0xfbbdb9aade90&gt;
state = {}

    def test_verify_payment_404(self, state):
&gt;       r = client(state["admin_token"]).put(f"{API}/payments/pay_missing/verify")
                   ^^^^^^^^^^^^^^^^^^^^
E       KeyError: 'admin_token'

tests/backend_test.py:418: KeyError</failure></testcase><testcase classname="tests.backend_test.TestPaymentReviewIncome" name="test_nakes_income_after_verify" time="0.000"><failure message="KeyError: 'nak_token'">self = &lt;backend_test.TestPaymentReviewIncome object at 0xfbbdb9aae450&gt;
state = {}

    def test_nakes_income_after_verify(self, state):
&gt;       d = client(state["nak_token"]).get(f"{API}/nakes/income").json()
                   ^^^^^^^^^^^^^^^^^^
E       KeyError: 'nak_token'

tests/backend_test.py:422: KeyError</failure></testcase><testcase classname="tests.backend_test.TestPaymentReviewIncome" name="test_add_review_updates_rating" time="0.000"><failure message="KeyError: 'pat_token'">self = &lt;backend_test.TestPaymentReviewIncome object at 0xfbbdb9aaea10&gt;
state = {}

    def test_add_review_updates_rating(self, state):
&gt;       r = client(state["pat_token"]).post(f"{API}/orders/{state['order_id']}/review",
                   ^^^^^^^^^^^^^^^^^^
                                            json={"rating": 5, "komentar": "TEST bagus"})
E       KeyError: 'pat_token'

tests/backend_test.py:428: KeyError</failure></testcase><testcase classname="tests.backend_test.TestPaymentReviewIncome" name="test_duplicate_review_rejected" time="0.000"><failure message="KeyError: 'pat_token'">self = &lt;backend_test.TestPaymentReviewIncome object at 0xfbbdb9aaef90&gt;
state = {}

    def test_duplicate_review_rejected(self, state):
&gt;       r = client(state["pat_token"]).post(f"{API}/orders/{state['order_id']}/review",
                   ^^^^^^^^^^^^^^^^^^
                                            json={"rating": 3})
E       KeyError: 'pat_token'

tests/backend_test.py:439: KeyError</failure></testcase><testcase classname="tests.backend_test.TestPaymentReviewIncome" name="test_patient_payment_notification" time="0.000"><failure message="KeyError: 'pat_token'">self = &lt;backend_test.TestPaymentReviewIncome object at 0xfbbdb9aaf650&gt;
state = {}

    def test_patient_payment_notification(self, state):
&gt;       notifs = client(state["pat_token"]).get(f"{API}/notifications").json()
                        ^^^^^^^^^^^^^^^^^^
E       KeyError: 'pat_token'

tests/backend_test.py:444: KeyError</failure></testcase><testcase classname="tests.backend_test.TestAuth" name="test_admin_login" time="0.343" /><testcase classname="tests.backend_test.TestAuth" name="test_login_wrong_password" time="0.505" /><testcase classname="tests.backend_test.TestAuth" name="test_register_patient" time="0.474" /><testcase classname="tests.backend_test.TestAuth" name="test_register_duplicate_email" time="0.149" /><testcase classname="tests.backend_test.TestAuth" name="test_register_invalid_role" time="0.271" /><testcase classname="tests.backend_test.TestAuth" name="test_register_invalid_email_422" time="0.145" /><testcase classname="tests.test_uploads_maps_chat.TestFileUploadAPI" name="test_upload_png_returns_path" time="2.089" /><testcase classname="tests.backend_test.TestAuth" name="test_register_nakes" time="0.362" /><testcase classname="tests.test_uploads_maps_chat.TestFileUploadAPI" name="test_upload_rejects_bad_extension" time="0.260" /><testcase classname="tests.backend_test.TestAuth" name="test_me_requires_auth" time="0.131" /><testcase classname="tests.test_uploads_maps_chat.TestFileUploadAPI" name="test_upload_rejects_oversize" time="0.454" /><testcase classname="tests.backend_test.TestAuth" name="test_me_invalid_token" time="0.096" /><testcase classname="tests.backend_test.TestAuth" name="test_me_patient" time="0.095" /><testcase classname="tests.test_uploads_maps_chat.TestFileUploadAPI" name="test_serve_file_without_auth_401" time="0.240" /><testcase classname="tests.test_uploads_maps_chat.TestFileUploadAPI" name="test_serve_file_with_invalid_token_401" time="0.128" /><testcase classname="tests.test_uploads_maps_chat.TestFileUploadAPI" name="test_serve_file_with_query_token" time="0.463" /><testcase classname="tests.test_uploads_maps_chat.TestFileUploadAPI" name="test_serve_file_with_bearer_header" time="0.461" /><testcase classname="tests.test_uploads_maps_chat.TestFileUploadAPI" name="test_serve_unknown_path_404" time="0.340" /><testcase classname="tests.test_uploads_maps_chat.TestFileUploadAPI" name="test_add_document_with_file_url" time="0.592" /><testcase classname="tests.test_uploads_maps_chat.TestFileUploadAPI" name="test_document_file_url_persisted_in_profile" time="0.119" /><testcase classname="tests.test_uploads_maps_chat.TestFileUploadAPI" name="test_admin_sees_document_file_url" time="0.146" /><testcase classname="tests.test_uploads_maps_chat.TestFileUploadAPI" name="test_admin_can_fetch_document_image" time="0.374" /><testcase classname="tests.test_authz_probe" name="test_other_patient_cannot_read_order" time="3.095" /><testcase classname="tests.test_uploads_maps_chat.TestFileUploadAPI" name="test_admin_verifies_document_then_nakes" time="0.376" /><testcase classname="tests.test_authz_probe" name="test_other_nakes_cannot_respond_to_order" time="0.126" /><testcase classname="tests.test_authz_probe" name="test_other_nakes_cannot_complete_order" time="0.108" /><testcase classname="tests.test_authz_probe" name="test_other_nakes_cannot_write_medical_record" time="0.125" /><testcase classname="tests.test_uploads_maps_chat.TestFileUploadAPI" name="test_nakes_setup_and_search_exposes_lat_lng" time="0.384" /><testcase classname="tests.test_authz_probe" name="test_outsider_cannot_read_chat" time="0.237" /><testcase classname="tests.test_authz_probe" name="test_other_patient_cannot_pay_order" time="0.128" /><testcase classname="tests.test_uploads_maps_chat.TestFileUploadAPI" name="test_create_order_and_accept" time="0.418" /><testcase classname="tests.test_authz_probe" name="test_brute_force_lockout" time="2.323" /><testcase classname="tests.test_uploads_maps_chat.TestFileUploadAPI" name="test_submit_record_with_photo" time="0.694" /><testcase classname="tests.test_uploads_maps_chat.TestFileUploadAPI" name="test_patient_reads_record_attachment" time="0.631" /><testcase classname="tests.test_uploads_maps_chat.TestFileUploadAPI" name="test_other_patient_cannot_read_record" time="0.698" /><testcase classname="tests.backend_test.TestNakesSetup" name="test_update_profile" time="0.271" /><testcase classname="tests.test_uploads_maps_chat.TestFileUploadAPI" name="test_patient_and_nakes_exchange" time="0.219" /><testcase classname="tests.backend_test.TestNakesSetup" name="test_toggle_online" time="0.203" /><testcase classname="tests.test_uploads_maps_chat.TestFileUploadAPI" name="test_poll_returns_new_messages_ordered" time="3.008" /><testcase classname="tests.backend_test.TestNakesSetup" name="test_add_service" time="0.000"><failure message="KeyError: 'service'">self = &lt;backend_test.TestNakesSetup object at 0xfbbdb9a991d0&gt;
state = {'admin_token': 'eyJhbGciOiJIUzI1NiIsInR5cCI6IkpXVCJ9.eyJzdWIiOiJ1c2VyXzM1OGU4NGY2MjNkYjQxOTYiLCJyb2xlIjoiYWRtaW4iLCJl...Xzg0ODY0YjcwZTNkMzQ2N2UiLCJyb2xlIjoibmFrZXMiLCJleHAiOjE3ODg3NDU5MTV9.B3GuDHmezAPen3KYA31JgveDqjHuq-WS8QWO2J4H3Ew', ...}

    def test_add_service(self, state):
&gt;       svc = state["service"]
              ^^^^^^^^^^^^^^^^
E       KeyError: 'service'

tests/backend_test.py:173: KeyError</failure></testcase><testcase classname="tests.backend_test.TestNakesSetup" name="test_add_service_invalid_id" time="0.112" /><testcase classname="tests.backend_test.TestNakesSetup" name="test_add_document" time="0.138" /><testcase classname="tests.backend_test.TestNakesSetup" name="test_search_excludes_unverified" time="0.000"><failure message="KeyError: 'service'">self = &lt;backend_test.TestNakesSetup object at 0xfbbdb9a9a450&gt;
state = {'admin_token': 'eyJhbGciOiJIUzI1NiIsInR5cCI6IkpXVCJ9.eyJzdWIiOiJ1c2VyXzM1OGU4NGY2MjNkYjQxOTYiLCJyb2xlIjoiYWRtaW4iLCJl...Xzg0ODY0YjcwZTNkMzQ2N2UiLCJyb2xlIjoibmFrZXMiLCJleHAiOjE3ODg3NDU5MTV9.B3GuDHmezAPen3KYA31JgveDqjHuq-WS8QWO2J4H3Ew', ...}

    def test_search_excludes_unverified(self, state):
        r = client(state["pat_token"]).get(f"{API}/providers/search", params={
&gt;           "service_id": state["service"]["id"], "lat": -6.2088, "lng": 106.8456})
                          ^^^^^^^^^^^^^^^^
E       KeyError: 'service'

tests/backend_test.py:199: KeyError</failure></testcase><testcase classname="tests.backend_test.TestMedicalRecord" name="test_record_not_yet_available" time="0.000"><failure message="KeyError: 'order_id'">self = &lt;backend_test.TestMedicalRecord object at 0xfbbdb9a9b690&gt;
state = {'admin_token': 'eyJhbGciOiJIUzI1NiIsInR5cCI6IkpXVCJ9.eyJzdWIiOiJ1c2VyXzM1OGU4NGY2MjNkYjQxOTYiLCJyb2xlIjoiYWRtaW4iLCJl...Xzg0ODY0YjcwZTNkMzQ2N2UiLCJyb2xlIjoibmFrZXMiLCJleHAiOjE3ODg3NDU5MTV9.B3GuDHmezAPen3KYA31JgveDqjHuq-WS8QWO2J4H3Ew', ...}

    def test_record_not_yet_available(self, state):
&gt;       r = client(state["pat_token"]).get(f"{API}/orders/{state['order_id']}/medical-record")
                                                           ^^^^^^^^^^^^^^^^^
E       KeyError: 'order_id'

tests/backend_test.py:344: KeyError</failure></testcase><testcase classname="tests.backend_test.TestMedicalRecord" name="test_create_record_completes_order" time="0.000"><failure message="KeyError: 'order_id'">self = &lt;backend_test.TestMedicalRecord object at 0xfbbdb9aa2f90&gt;
state = {'admin_token': 'eyJhbGciOiJIUzI1NiIsInR5cCI6IkpXVCJ9.eyJzdWIiOiJ1c2VyXzM1OGU4NGY2MjNkYjQxOTYiLCJyb2xlIjoiYWRtaW4iLCJl...Xzg0ODY0YjcwZTNkMzQ2N2UiLCJyb2xlIjoibmFrZXMiLCJleHAiOjE3ODg3NDU5MTV9.B3GuDHmezAPen3KYA31JgveDqjHuq-WS8QWO2J4H3Ew', ...}

    def test_create_record_completes_order(self, state):
&gt;       r = client(state["nak_token"]).post(f"{API}/orders/{state['order_id']}/medical-record", json={
                                                            ^^^^^^^^^^^^^^^^^
            "diagnosis": "TEST diagnosis", "tindakan": "TEST tindakan",
            "catatan_tambahan": "TEST catatan",
            "soap": {"keluhan": "nyeri", "tekanan_darah": "120/80", "nadi": "80", "suhu": "36.7"},
            "attachments": []})
E       KeyError: 'order_id'

tests/backend_test.py:348: KeyError</failure></testcase><testcase classname="tests.backend_test.TestMedicalRecord" name="test_duplicate_record_rejected" time="0.000"><failure message="KeyError: 'order_id'">self = &lt;backend_test.TestMedicalRecord object at 0xfbbdb9aa1d10&gt;
state = {'admin_token': 'eyJhbGciOiJIUzI1NiIsInR5cCI6IkpXVCJ9.eyJzdWIiOiJ1c2VyXzM1OGU4NGY2MjNkYjQxOTYiLCJyb2xlIjoiYWRtaW4iLCJl...Xzg0ODY0YjcwZTNkMzQ2N2UiLCJyb2xlIjoibmFrZXMiLCJleHAiOjE3ODg3NDU5MTV9.B3GuDHmezAPen3KYA31JgveDqjHuq-WS8QWO2J4H3Ew', ...}

    def test_duplicate_record_rejected(self, state):
&gt;       r = client(state["nak_token"]).post(f"{API}/orders/{state['order_id']}/medical-record", json={
                                                            ^^^^^^^^^^^^^^^^^
            "soap": {"keluhan": "again"}})
E       KeyError: 'order_id'

tests/backend_test.py:362: KeyError</failure></testcase><testcase classname="tests.backend_test.TestMedicalRecord" name="test_patient_can_read_record" time="0.000"><failure message="KeyError: 'order_id'">self = &lt;backend_test.TestMedicalRecord object at 0xfbbdb9aa3e90&gt;
state = {'admin_token': 'eyJhbGciOiJIUzI1NiIsInR5cCI6IkpXVCJ9.eyJzdWIiOiJ1c2VyXzM1OGU4NGY2MjNkYjQxOTYiLCJyb2xlIjoiYWRtaW4iLCJl...Xzg0ODY0YjcwZTNkMzQ2N2UiLCJyb2xlIjoibmFrZXMiLCJleHAiOjE3ODg3NDU5MTV9.B3GuDHmezAPen3KYA31JgveDqjHuq-WS8QWO2J4H3Ew', ...}

    def test_patient_can_read_record(self, state):
&gt;       r = client(state["pat_token"]).get(f"{API}/orders/{state['order_id']}/medical-record")
                                                           ^^^^^^^^^^^^^^^^^
E       KeyError: 'order_id'

tests/backend_test.py:367: KeyError</failure></testcase><testcase classname="tests.backend_test.TestRBAC" name="test_patient_cannot_access_admin_stats" time="0.123" /><testcase classname="tests.backend_test.TestRBAC" name="test_nakes_cannot_search_providers" time="0.000"><failure message="KeyError: 'service'">self = &lt;backend_test.TestRBAC object at 0xfbbdb9a8b810&gt;
state = {'admin_token': 'eyJhbGciOiJIUzI1NiIsInR5cCI6IkpXVCJ9.eyJzdWIiOiJ1c2VyXzM1OGU4NGY2MjNkYjQxOTYiLCJyb2xlIjoiYWRtaW4iLCJl...Xzg0ODY0YjcwZTNkMzQ2N2UiLCJyb2xlIjoibmFrZXMiLCJleHAiOjE3ODg3NDU5MTV9.B3GuDHmezAPen3KYA31JgveDqjHuq-WS8QWO2J4H3Ew', ...}

    def test_nakes_cannot_search_providers(self, state):
        r = client(state["nak_token"]).get(
&gt;           f"{API}/providers/search", params={"service_id": state["service"]["id"], "lat": -6.2, "lng": 106.8})
                                                             ^^^^^^^^^^^^^^^^
E       KeyError: 'service'

tests/backend_test.py:142: KeyError</failure></testcase><testcase classname="tests.backend_test.TestRBAC" name="test_patient_cannot_toggle_nakes_status" time="0.117" /><testcase classname="tests.backend_test.TestAdminMisc" name="test_stats_shape" time="0.119" /><testcase classname="tests.backend_test.TestAdminMisc" name="test_admin_patients" time="0.232" /><testcase classname="tests.backend_test.TestAdminMisc" name="test_admin_create_service" time="0.272" /><testcase classname="tests.backend_test.TestHealth" name="test_root" time="0.134" /><testcase classname="tests.backend_test.TestHealth" name="test_services_seeded" time="0.178" /><testcase classname="tests.backend_test.TestChat" name="test_patient_sends_message" time="0.000"><failure message="KeyError: 'order_id'">self = &lt;backend_test.TestChat object at 0xfbbdb9aa3090&gt;
state = {'admin_token': 'eyJhbGciOiJIUzI1NiIsInR5cCI6IkpXVCJ9.eyJzdWIiOiJ1c2VyXzM1OGU4NGY2MjNkYjQxOTYiLCJyb2xlIjoiYWRtaW4iLCJl...Xzg0ODY0YjcwZTNkMzQ2N2UiLCJyb2xlIjoibmFrZXMiLCJleHAiOjE3ODg3NDU5MTV9.B3GuDHmezAPen3KYA31JgveDqjHuq-WS8QWO2J4H3Ew', ...}

    def test_patient_sends_message(self, state):
        r = client(state["pat_token"]).post(
&gt;           f"{API}/orders/{state['order_id']}/chat", json={"pesan": "TEST halo"})
                            ^^^^^^^^^^^^^^^^^
E       KeyError: 'order_id'

tests/backend_test.py:327: KeyError</failure></testcase><testcase classname="tests.backend_test.TestChat" name="test_nakes_replies_and_thread_ordered" time="0.000"><failure message="KeyError: 'order_id'">self = &lt;backend_test.TestChat object at 0xfbbdb9aa3750&gt;
state = {'admin_token': 'eyJhbGciOiJIUzI1NiIsInR5cCI6IkpXVCJ9.eyJzdWIiOiJ1c2VyXzM1OGU4NGY2MjNkYjQxOTYiLCJyb2xlIjoiYWRtaW4iLCJl...Xzg0ODY0YjcwZTNkMzQ2N2UiLCJyb2xlIjoibmFrZXMiLCJleHAiOjE3ODg3NDU5MTV9.B3GuDHmezAPen3KYA31JgveDqjHuq-WS8QWO2J4H3Ew', ...}

    def test_nakes_replies_and_thread_ordered(self, state):
        r = client(state["nak_token"]).post(
&gt;           f"{API}/orders/{state['order_id']}/chat", json={"pesan": "TEST siap"})
                            ^^^^^^^^^^^^^^^^^
E       KeyError: 'order_id'

tests/backend_test.py:333: KeyError</failure></testcase><testcase classname="tests.test_uploads_maps_chat.TestFileUploadAPI" name="test_outsider_patient_cannot_read_chat" time="0.597" /><testcase classname="tests.backend_test.TestAdminVerify" name="test_admin_lists_nakes" time="0.000"><failure message="KeyError: 'admin_token'">self = &lt;backend_test.TestAdminVerify object at 0xfc600b60f710&gt;, state = {}

    def test_admin_lists_nakes(self, state):
&gt;       r = client(state["admin_token"]).get(f"{API}/admin/nakes")
                   ^^^^^^^^^^^^^^^^^^^^
E       KeyError: 'admin_token'

tests/backend_test.py:208: KeyError</failure></testcase><testcase classname="tests.backend_test.TestAdminVerify" name="test_verify_document" time="0.000"><failure message="KeyError: 'admin_token'">self = &lt;backend_test.TestAdminVerify object at 0xfc600b602090&gt;, state = {}

    def test_verify_document(self, state):
&gt;       r = client(state["admin_token"]).put(
                   ^^^^^^^^^^^^^^^^^^^^
            f"{API}/admin/documents/{state['doc_id']}/verify", json={"action": "accept"})
E       KeyError: 'admin_token'

tests/backend_test.py:216: KeyError</failure></testcase><testcase classname="tests.backend_test.TestAdminVerify" name="test_verify_nakes" time="0.000"><failure message="KeyError: 'admin_token'">self = &lt;backend_test.TestAdminVerify object at 0xfc600b60f250&gt;, state = {}

    def test_verify_nakes(self, state):
&gt;       r = client(state["admin_token"]).put(
                   ^^^^^^^^^^^^^^^^^^^^
            f"{API}/admin/nakes/{state['nakes_id']}/verify", json={"action": "accept"})
E       KeyError: 'admin_token'

tests/backend_test.py:222: KeyError</failure></testcase><testcase classname="tests.backend_test.TestAdminVerify" name="test_nakes_notified_of_verification" time="0.000"><failure message="KeyError: 'nak_token'">self = &lt;backend_test.TestAdminVerify object at 0xfc600b60c5d0&gt;, state = {}

    def test_nakes_notified_of_verification(self, state):
&gt;       notifs = client(state["nak_token"]).get(f"{API}/notifications").json()
                        ^^^^^^^^^^^^^^^^^^
E       KeyError: 'nak_token'

tests/backend_test.py:230: KeyError</failure></testcase></testsuite></testsuites>